<?xml version="1.0" encoding="UTF-8"?>
<testsuite xmlns:xsi="http://www.w3.org/2001/XMLSchema-instance" xsi:noNamespaceSchemaLocation="https://maven.apache.org/surefire/maven-surefire-plugin/xsd/surefire-test-report-3.0.xsd" version="3.0" name="support.operation.facade.FacadePatternTest" time="0.081" tests="8" errors="0" skipped="0" failures="0">
  <properties>
    <property name="java.specification.version" value="24"/>
    <property name="sun.cpu.isalist" value="amd64"/>
    <property name="sun.jnu.encoding" value="Cp1252"/>
    <property name="java.class.path" value="C:\Users\yezid\Documents\lab\Ing-Software-2\IngSoftware2\target\test-classes;C:\Users\yezid\Documents\lab\Ing-Software-2\IngSoftware2\target\classes;C:\Users\yezid\.m2\repository\org\xerial\sqlite-jdbc\3.45.1.0\sqlite-jdbc-3.45.1.0.jar;C:\Users\yezid\.m2\repository\org\slf4j\slf4j-api\1.7.36\slf4j-api-1.7.36.jar;C:\Users\yezid\.m2\repository\org\mindrot\jbcrypt\0.4\jbcrypt-0.4.jar;C:\Users\yezid\.m2\repository\org\junit\jupiter\junit-jupiter-api\5.6.0\junit-jupiter-api-5.6.0.jar;C:\Users\yezid\.m2\repository\org\apiguardian\apiguardian-api\1.1.0\apiguardian-api-1.1.0.jar;C:\Users\yezid\.m2\repository\org\opentest4j\opentest4j\1.2.0\opentest4j-1.2.0.jar;C:\Users\yezid\.m2\repository\org\junit\platform\junit-platform-commons\1.6.0\junit-platform-commons-1.6.0.jar;C:\Users\yezid\.m2\repository\org\junit\jupiter\junit-jupiter-params\5.6.0\junit-jupiter-params-5.6.0.jar;C:\Users\yezid\.m2\repository\org\junit\jupiter\junit-jupiter-engine\5.6.0\junit-jupiter-engine-5.6.0.jar;C:\Users\yezid\.m2\repository\org\junit\platform\junit-platform-engine\1.6.0\junit-platform-engine-1.6.0.jar;C:\Users\yezid\.m2\repository\plugin\dependency_injection\1.0-SNAPSHOT\dependency_injection-1.0-SNAPSHOT.jar;C:\Users\yezid\.m2\repository\org\reflections\reflections\0.10.2\reflections-0.10.2.jar;C:\Users\yezid\.m2\repository\org\javassist\javassist\3.28.0-GA\javassist-3.28.0-GA.jar;C:\Users\yezid\.m2\repository\com\google\code\findbugs\jsr305\3.0.2\jsr305-3.0.2.jar;C:\Users\yezid\.m2\repository\plugin\property_mapping\1.0-SNAPSHOT\property_mapping-1.0-SNAPSHOT.jar;C:\Users\yezid\.m2\repository\plugin\files_manager\1.0-SNAPSHOT\files_manager-1.0-SNAPSHOT.jar;C:\Users\yezid\.m2\repository\org\apache\pdfbox\pdfbox\2.0.29\pdfbox-2.0.29.jar;C:\Users\yezid\.m2\repository\org\apache\pdfbox\fontbox\2.0.29\fontbox-2.0.29.jar;C:\Users\yezid\.m2\repository\commons-logging\commons-logging\1.2\commons-logging-1.2.jar;C:\Users\yezid\.m2\repository\org\json\json\20141113\json-20141113.jar;"/>
    <property name="java.vm.vendor" value="Azul Systems, Inc."/>
    <property name="sun.arch.data.model" value="64"/>
    <property name="user.variant" value=""/>
    <property name="java.vendor.url" value="http://www.azul.com/"/>
    <property name="user.timezone" value="America/Bogota"/>
    <property name="os.name" value="Windows 11"/>
    <property name="java.vm.specification.version" value="24"/>
    <property name="user.country" value="ES"/>
    <property name="sun.java.launcher" value="SUN_STANDARD"/>
    <property name="sun.boot.library.path" value="C:\Program Files\Apache NetBeans\jdk\bin"/>
    <property name="sun.java.command" value="C:\Users\yezid\AppData\Local\Temp\surefire5852624501536479620\surefirebooter-20251009103222859_3.jar C:\Users\yezid\AppData\Local\Temp\surefire5852624501536479620 2025-10-09T10-32-22_721-jvmRun1 surefire-20251009103222859_1tmp surefire_0-20251009103222859_2tmp"/>
    <property name="jdk.debug" value="release"/>
    <property name="test" value="support.operation.facade.FacadePatternTest"/>
    <property name="surefire.test.class.path" value="C:\Users\yezid\Documents\lab\Ing-Software-2\IngSoftware2\target\test-classes;C:\Users\yezid\Documents\lab\Ing-Software-2\IngSoftware2\target\classes;C:\Users\yezid\.m2\repository\org\xerial\sqlite-jdbc\3.45.1.0\sqlite-jdbc-3.45.1.0.jar;C:\Users\yezid\.m2\repository\org\slf4j\slf4j-api\1.7.36\slf4j-api-1.7.36.jar;C:\Users\yezid\.m2\repository\org\mindrot\jbcrypt\0.4\jbcrypt-0.4.jar;C:\Users\yezid\.m2\repository\org\junit\jupiter\junit-jupiter-api\5.6.0\junit-jupiter-api-5.6.0.jar;C:\Users\yezid\.m2\repository\org\apiguardian\apiguardian-api\1.1.0\apiguardian-api-1.1.0.jar;C:\Users\yezid\.m2\repository\org\opentest4j\opentest4j\1.2.0\opentest4j-1.2.0.jar;C:\Users\yezid\.m2\repository\org\junit\platform\junit-platform-commons\1.6.0\junit-platform-commons-1.6.0.jar;C:\Users\yezid\.m2\repository\org\junit\jupiter\junit-jupiter-params\5.6.0\junit-jupiter-params-5.6.0.jar;C:\Users\yezid\.m2\repository\org\junit\jupiter\junit-jupiter-engine\5.6.0\junit-jupiter-engine-5.6.0.jar;C:\Users\yezid\.m2\repository\org\junit\platform\junit-platform-engine\1.6.0\junit-platform-engine-1.6.0.jar;C:\Users\yezid\.m2\repository\plugin\dependency_injection\1.0-SNAPSHOT\dependency_injection-1.0-SNAPSHOT.jar;C:\Users\yezid\.m2\repository\org\reflections\reflections\0.10.2\reflections-0.10.2.jar;C:\Users\yezid\.m2\repository\org\javassist\javassist\3.28.0-GA\javassist-3.28.0-GA.jar;C:\Users\yezid\.m2\repository\com\google\code\findbugs\jsr305\3.0.2\jsr305-3.0.2.jar;C:\Users\yezid\.m2\repository\plugin\property_mapping\1.0-SNAPSHOT\property_mapping-1.0-SNAPSHOT.jar;C:\Users\yezid\.m2\repository\plugin\files_manager\1.0-SNAPSHOT\files_manager-1.0-SNAPSHOT.jar;C:\Users\yezid\.m2\repository\org\apache\pdfbox\pdfbox\2.0.29\pdfbox-2.0.29.jar;C:\Users\yezid\.m2\repository\org\apache\pdfbox\fontbox\2.0.29\fontbox-2.0.29.jar;C:\Users\yezid\.m2\repository\commons-logging\commons-logging\1.2\commons-logging-1.2.jar;C:\Users\yezid\.m2\repository\org\json\json\20141113\json-20141113.jar;"/>
    <property name="sun.cpu.endian" value="little"/>
    <property name="user.home" value="C:\Users\yezid"/>
    <property name="user.language" value="es"/>
    <property name="java.specification.vendor" value="Oracle Corporation"/>
    <property name="java.version.date" value="2025-04-15"/>
    <property name="java.home" value="C:\Program Files\Apache NetBeans\jdk"/>
    <property name="file.separator" value="\"/>
    <property name="basedir" value="C:\Users\yezid\Documents\lab\Ing-Software-2\IngSoftware2"/>
    <property name="java.vm.compressedOopsMode" value="Zero based"/>
    <property name="line.separator" value="&#10;"/>
    <property name="java.vm.specification.vendor" value="Oracle Corporation"/>
    <property name="java.specification.name" value="Java Platform API Specification"/>
    <property name="surefire.real.class.path" value="C:\Users\yezid\AppData\Local\Temp\surefire5852624501536479620\surefirebooter-20251009103222859_3.jar"/>
    <property name="user.script" value=""/>
    <property name="sun.management.compiler" value="HotSpot 64-Bit Tiered Compilers"/>
    <property name="java.runtime.version" value="24.0.1+9"/>
    <property name="user.name" value="yezid"/>
    <property name="stdout.encoding" value="Cp1252"/>
    <property name="path.separator" value=";"/>
    <property name="os.version" value="10.0"/>
    <property name="java.runtime.name" value="OpenJDK Runtime Environment"/>
    <property name="file.encoding" value="UTF-8"/>
    <property name="java.vm.name" value="OpenJDK 64-Bit Server VM"/>
    <property name="java.vendor.version" value="Zulu24.30+11-CA"/>
    <property name="maven.ext.class.path" value="C:\Program Files\Apache NetBeans\java\maven-nblib\netbeans-eventspy.jar"/>
    <property name="localRepository" value="C:\Users\yezid\.m2\repository"/>
    <property name="java.vendor.url.bug" value="http://www.azul.com/support/"/>
    <property name="java.io.tmpdir" value="C:\Users\yezid\AppData\Local\Temp\"/>
    <property name="java.version" value="24.0.1"/>
    <property name="user.dir" value="C:\Users\yezid\Documents\lab\Ing-Software-2\IngSoftware2"/>
    <property name="os.arch" value="amd64"/>
    <property name="java.vm.specification.name" value="Java Virtual Machine Specification"/>
    <property name="sun.os.patch.level" value=""/>
    <property name="native.encoding" value="Cp1252"/>
    <property name="java.library.path" value="C:\Program Files\Apache NetBeans\jdk\bin;C:\WINDOWS\Sun\Java\bin;C:\WINDOWS\system32;C:\WINDOWS;C:\Program Files\Common Files\Oracle\Java\javapath;C:\Python313\Scripts\;C:\Python313\;C:\WINDOWS\system32;C:\WINDOWS;C:\WINDOWS\System32\Wbem;C:\WINDOWS\System32\WindowsPowerShell\v1.0\;C:\WINDOWS\System32\OpenSSH\;C:\Program Files\nodejs\;C:\ProgramData\chocolatey\bin;C:\Program Files\cdrtools;C:\Program Files\doxygen\bin;C:\Program Files\Git\cmd;C:\Users\yezid\AppData\Local\Microsoft\WindowsApps;C:\Users\yezid\AppData\Local\Programs\Microsoft VS Code\bin;C:\Users\yezid\AppData\Roaming\npm;C:\msys32\msys32\mingw64\bin;C:\msys32\msys32\usr\bin;C:\qemu\qemu;C:\bochs\bochs\bin;C:\cross-gcc\cross-gcc\bin;C:\Program Files (x86)\cdrtools;;."/>
    <property name="java.vm.info" value="mixed mode, sharing"/>
    <property name="stderr.encoding" value="Cp1252"/>
    <property name="java.vendor" value="Azul Systems, Inc."/>
    <property name="java.vm.version" value="24.0.1+9"/>
    <property name="sun.io.unicode.encoding" value="UnicodeLittle"/>
    <property name="java.class.version" value="68.0"/>
  </properties>
  <testcase name="testGenerateProjectReport" classname="support.operation.facade.FacadePatternTest" time="0.037">
    <system-out><![CDATA[=========================================
REPORTE COMPLETO DE PROYECTO
=========================================
Iniciando evaluacion del proyecto: Facade Test Project
Evaluacion titulo: VALIDA
Evaluacion objetivos: INVALIDOS
Evaluacion metodologia: VALIDA
Evaluacion alcance: NO VIABLE (Puntaje: 3,6/10)
Resultado evaluacion: RECHAZADO

REPORTE DE EVALUACION - Facade Test Project
Fecha: 2025-10-09
Estado: NO RECOMENDADO
Evaluador: Sistema Automatico de Evaluacion
Formato A: VALIDO
Documento propuesta: VALIDO
Consideraciones eticas: VALIDAS
Validando documentos del proyecto: Facade Test Project
Formato A: VALIDO
Documento propuesta: VALIDO
Consideraciones eticas: INVALIDAS
Validacion documentos: INCOMPLETA

CHECKLIST DOCUMENTOS - Facade Test Project
1. Formato A: PRESENTE
2. Propuesta: COMPLETA
3. Etica: APROBADA
Estado general: INCOMPLETO

EVALUADORES DISPONIBLES: 5
]]></system-out>
  </testcase>
  <testcase name="testSubsystems" classname="support.operation.facade.FacadePatternTest" time="0.006">
    <system-out><![CDATA[Iniciando evaluacion del proyecto: Facade Test Project
Evaluacion titulo: VALIDA
Evaluacion objetivos: INVALIDOS
Evaluacion metodologia: VALIDA
Evaluacion alcance: NO VIABLE (Puntaje: 2,6/10)
Resultado evaluacion: RECHAZADO
Asignando evaluadores para: Facade Test Project
Evaluador asignado: Dr. Julio Ariel Hurtado
Evaluador asignado: Dra. Maria Fernanda Gomez
Asignacion completada: EXITOSA
Validando documentos del proyecto: Facade Test Project
Formato A: VALIDO
Documento propuesta: VALIDO
Consideraciones eticas: VALIDAS
Validacion documentos: COMPLETADA
ENVIANDO NOTIFICACIONES - Proyecto Aprobado
Para: dir@test.com
CC: est@test.com, 
Asunto: Proyecto 'Facade Test Project' ha sido APROBADO
Mensaje: Su proyecto ha pasado todas las evaluaciones satisfactoriamente.
]]></system-out>
  </testcase>
  <testcase name="testManageEvaluators" classname="support.operation.facade.FacadePatternTest" time="0.003">
    <system-out><![CDATA[GESTION DE EVALUADORES
Evaluadores disponibles: 5
 - Dr. Julio Ariel Hurtado
 - Dra. Maria Fernanda Gomez
 - Dr. Carlos Andres Lopez
 - Dra. Ana Patricia Rodriguez
 - Dr. Luis Eduardo Martinez
]]></system-out>
  </testcase>
  <testcase name="testQuickProjectReview" classname="support.operation.facade.FacadePatternTest" time="0.002">
    <system-out><![CDATA[REVISION RAPIDA DE PROYECTO: Facade Test Project
Validando documentos del proyecto: Facade Test Project
Formato A: VALIDO
Documento propuesta: VALIDO
Consideraciones eticas: VALIDAS
Validacion documentos: COMPLETADA
Iniciando evaluacion del proyecto: Facade Test Project
Evaluacion titulo: VALIDA
Evaluacion objetivos: INVALIDOS
Evaluacion metodologia: VALIDA
Evaluacion alcance: VIABLE (Puntaje: 6,5/10)
Resultado evaluacion: RECHAZADO
]]></system-out>
  </testcase>
  <testcase name="testFacadeCreation" classname="support.operation.facade.FacadePatternTest" time="0.002"/>
  <testcase name="testProcessProjectSubmission" classname="support.operation.facade.FacadePatternTest" time="0.002">
    <system-out><![CDATA[=========================================
PROCESANDO SUBMISION DE PROYECTO: Facade Test Project
=========================================

--- FASE 1: VALIDACION DOCUMENTAL ---
Validando documentos del proyecto: Facade Test Project
Formato A: VALIDO
Documento propuesta: VALIDO
Consideraciones eticas: INVALIDAS
Validacion documentos: INCOMPLETA
ERROR: Documentos incompletos o invalidos
ENVIANDO NOTIFICACIONES - Proyecto Rechazado
Para: dir@test.com
CC: est@test.com
Asunto: Proyecto 'Facade Test Project' requiere revision
Motivo: Documentacion incompleta
=========================================
PROCESANDO SUBMISION DE PROYECTO: Facade Test Project
=========================================

--- FASE 1: VALIDACION DOCUMENTAL ---
Validando documentos del proyecto: Facade Test Project
Formato A: VALIDO
Documento propuesta: VALIDO
Consideraciones eticas: VALIDAS
Validacion documentos: COMPLETADA

--- FASE 2: EVALUACION ACADEMICA ---
Iniciando evaluacion del proyecto: Facade Test Project
Evaluacion titulo: VALIDA
Evaluacion objetivos: INVALIDOS
Evaluacion metodologia: VALIDA
Evaluacion alcance: NO VIABLE (Puntaje: 5,0/10)
Resultado evaluacion: RECHAZADO
ERROR: Proyecto no cumple criterios academicos
ENVIANDO NOTIFICACIONES - Proyecto Rechazado
Para: dir@test.com
CC: est@test.com
Asunto: Proyecto 'Facade Test Project' requiere revision
Motivo: No cumple criterios academicos
]]></system-out>
  </testcase>
  <testcase name="testArchiveCompletedProject" classname="support.operation.facade.FacadePatternTest" time="0.002">
    <system-out><![CDATA[ARCHIVANDO PROYECTO COMPLETADO: Facade Test Project
Archivando documentos del proyecto: Facade Test Project
Documentos archivados en: /archive/projects/test/
Proyecto archivado exitosamente
]]></system-out>
  </testcase>
  <testcase name="testEvaluatorAssignmentService" classname="support.operation.facade.FacadePatternTest" time="0.003">
    <system-out><![CDATA[Evaluador agregado: Test Evaluator
]]></system-out>
  </testcase>
</testsuite>