<?xml version="1.0" encoding="UTF-8"?>
<testsuite xmlns:xsi="http://www.w3.org/2001/XMLSchema-instance" xsi:noNamespaceSchemaLocation="https://maven.apache.org/surefire/maven-surefire-plugin/xsd/surefire-test-report-3.0.xsd" version="3.0" name="support.operation.adapter.AdapterPatternTest" time="0.073" tests="8" errors="0" skipped="0" failures="0">
  <properties>
    <property name="java.specification.version" value="24"/>
    <property name="sun.cpu.isalist" value="amd64"/>
    <property name="sun.jnu.encoding" value="Cp1252"/>
    <property name="java.class.path" value="C:\Users\yezid\Documents\lab\Ing-Software-2\IngSoftware2\target\test-classes;C:\Users\yezid\Documents\lab\Ing-Software-2\IngSoftware2\target\classes;C:\Users\yezid\.m2\repository\org\xerial\sqlite-jdbc\3.45.1.0\sqlite-jdbc-3.45.1.0.jar;C:\Users\yezid\.m2\repository\org\slf4j\slf4j-api\1.7.36\slf4j-api-1.7.36.jar;C:\Users\yezid\.m2\repository\org\mindrot\jbcrypt\0.4\jbcrypt-0.4.jar;C:\Users\yezid\.m2\repository\org\junit\jupiter\junit-jupiter-api\5.6.0\junit-jupiter-api-5.6.0.jar;C:\Users\yezid\.m2\repository\org\apiguardian\apiguardian-api\1.1.0\apiguardian-api-1.1.0.jar;C:\Users\yezid\.m2\repository\org\opentest4j\opentest4j\1.2.0\opentest4j-1.2.0.jar;C:\Users\yezid\.m2\repository\org\junit\platform\junit-platform-commons\1.6.0\junit-platform-commons-1.6.0.jar;C:\Users\yezid\.m2\repository\org\junit\jupiter\junit-jupiter-params\5.6.0\junit-jupiter-params-5.6.0.jar;C:\Users\yezid\.m2\repository\org\junit\jupiter\junit-jupiter-engine\5.6.0\junit-jupiter-engine-5.6.0.jar;C:\Users\yezid\.m2\repository\org\junit\platform\junit-platform-engine\1.6.0\junit-platform-engine-1.6.0.jar;C:\Users\yezid\.m2\repository\plugin\dependency_injection\1.0-SNAPSHOT\dependency_injection-1.0-SNAPSHOT.jar;C:\Users\yezid\.m2\repository\org\reflections\reflections\0.10.2\reflections-0.10.2.jar;C:\Users\yezid\.m2\repository\org\javassist\javassist\3.28.0-GA\javassist-3.28.0-GA.jar;C:\Users\yezid\.m2\repository\com\google\code\findbugs\jsr305\3.0.2\jsr305-3.0.2.jar;C:\Users\yezid\.m2\repository\plugin\property_mapping\1.0-SNAPSHOT\property_mapping-1.0-SNAPSHOT.jar;C:\Users\yezid\.m2\repository\plugin\files_manager\1.0-SNAPSHOT\files_manager-1.0-SNAPSHOT.jar;C:\Users\yezid\.m2\repository\org\apache\pdfbox\pdfbox\2.0.29\pdfbox-2.0.29.jar;C:\Users\yezid\.m2\repository\org\apache\pdfbox\fontbox\2.0.29\fontbox-2.0.29.jar;C:\Users\yezid\.m2\repository\commons-logging\commons-logging\1.2\commons-logging-1.2.jar;C:\Users\yezid\.m2\repository\org\json\json\20141113\json-20141113.jar;"/>
    <property name="java.vm.vendor" value="Azul Systems, Inc."/>
    <property name="sun.arch.data.model" value="64"/>
    <property name="user.variant" value=""/>
    <property name="java.vendor.url" value="http://www.azul.com/"/>
    <property name="user.timezone" value="America/Bogota"/>
    <property name="os.name" value="Windows 11"/>
    <property name="java.vm.specification.version" value="24"/>
    <property name="user.country" value="ES"/>
    <property name="sun.java.launcher" value="SUN_STANDARD"/>
    <property name="sun.boot.library.path" value="C:\Program Files\Apache NetBeans\jdk\bin"/>
    <property name="sun.java.command" value="C:\Users\yezid\AppData\Local\Temp\surefire9684886703107559079\surefirebooter-20251009103011747_3.jar C:\Users\yezid\AppData\Local\Temp\surefire9684886703107559079 2025-10-09T10-30-11_618-jvmRun1 surefire-20251009103011747_1tmp surefire_0-20251009103011747_2tmp"/>
    <property name="jdk.debug" value="release"/>
    <property name="test" value="support.operation.adapter.AdapterPatternTest"/>
    <property name="surefire.test.class.path" value="C:\Users\yezid\Documents\lab\Ing-Software-2\IngSoftware2\target\test-classes;C:\Users\yezid\Documents\lab\Ing-Software-2\IngSoftware2\target\classes;C:\Users\yezid\.m2\repository\org\xerial\sqlite-jdbc\3.45.1.0\sqlite-jdbc-3.45.1.0.jar;C:\Users\yezid\.m2\repository\org\slf4j\slf4j-api\1.7.36\slf4j-api-1.7.36.jar;C:\Users\yezid\.m2\repository\org\mindrot\jbcrypt\0.4\jbcrypt-0.4.jar;C:\Users\yezid\.m2\repository\org\junit\jupiter\junit-jupiter-api\5.6.0\junit-jupiter-api-5.6.0.jar;C:\Users\yezid\.m2\repository\org\apiguardian\apiguardian-api\1.1.0\apiguardian-api-1.1.0.jar;C:\Users\yezid\.m2\repository\org\opentest4j\opentest4j\1.2.0\opentest4j-1.2.0.jar;C:\Users\yezid\.m2\repository\org\junit\platform\junit-platform-commons\1.6.0\junit-platform-commons-1.6.0.jar;C:\Users\yezid\.m2\repository\org\junit\jupiter\junit-jupiter-params\5.6.0\junit-jupiter-params-5.6.0.jar;C:\Users\yezid\.m2\repository\org\junit\jupiter\junit-jupiter-engine\5.6.0\junit-jupiter-engine-5.6.0.jar;C:\Users\yezid\.m2\repository\org\junit\platform\junit-platform-engine\1.6.0\junit-platform-engine-1.6.0.jar;C:\Users\yezid\.m2\repository\plugin\dependency_injection\1.0-SNAPSHOT\dependency_injection-1.0-SNAPSHOT.jar;C:\Users\yezid\.m2\repository\org\reflections\reflections\0.10.2\reflections-0.10.2.jar;C:\Users\yezid\.m2\repository\org\javassist\javassist\3.28.0-GA\javassist-3.28.0-GA.jar;C:\Users\yezid\.m2\repository\com\google\code\findbugs\jsr305\3.0.2\jsr305-3.0.2.jar;C:\Users\yezid\.m2\repository\plugin\property_mapping\1.0-SNAPSHOT\property_mapping-1.0-SNAPSHOT.jar;C:\Users\yezid\.m2\repository\plugin\files_manager\1.0-SNAPSHOT\files_manager-1.0-SNAPSHOT.jar;C:\Users\yezid\.m2\repository\org\apache\pdfbox\pdfbox\2.0.29\pdfbox-2.0.29.jar;C:\Users\yezid\.m2\repository\org\apache\pdfbox\fontbox\2.0.29\fontbox-2.0.29.jar;C:\Users\yezid\.m2\repository\commons-logging\commons-logging\1.2\commons-logging-1.2.jar;C:\Users\yezid\.m2\repository\org\json\json\20141113\json-20141113.jar;"/>
    <property name="sun.cpu.endian" value="little"/>
    <property name="user.home" value="C:\Users\yezid"/>
    <property name="user.language" value="es"/>
    <property name="java.specification.vendor" value="Oracle Corporation"/>
    <property name="java.version.date" value="2025-04-15"/>
    <property name="java.home" value="C:\Program Files\Apache NetBeans\jdk"/>
    <property name="file.separator" value="\"/>
    <property name="basedir" value="C:\Users\yezid\Documents\lab\Ing-Software-2\IngSoftware2"/>
    <property name="java.vm.compressedOopsMode" value="Zero based"/>
    <property name="line.separator" value="&#10;"/>
    <property name="java.vm.specification.vendor" value="Oracle Corporation"/>
    <property name="java.specification.name" value="Java Platform API Specification"/>
    <property name="surefire.real.class.path" value="C:\Users\yezid\AppData\Local\Temp\surefire9684886703107559079\surefirebooter-20251009103011747_3.jar"/>
    <property name="user.script" value=""/>
    <property name="sun.management.compiler" value="HotSpot 64-Bit Tiered Compilers"/>
    <property name="java.runtime.version" value="24.0.1+9"/>
    <property name="user.name" value="yezid"/>
    <property name="stdout.encoding" value="Cp1252"/>
    <property name="path.separator" value=";"/>
    <property name="os.version" value="10.0"/>
    <property name="java.runtime.name" value="OpenJDK Runtime Environment"/>
    <property name="file.encoding" value="UTF-8"/>
    <property name="java.vm.name" value="OpenJDK 64-Bit Server VM"/>
    <property name="java.vendor.version" value="Zulu24.30+11-CA"/>
    <property name="maven.ext.class.path" value="C:\Program Files\Apache NetBeans\java\maven-nblib\netbeans-eventspy.jar"/>
    <property name="localRepository" value="C:\Users\yezid\.m2\repository"/>
    <property name="java.vendor.url.bug" value="http://www.azul.com/support/"/>
    <property name="java.io.tmpdir" value="C:\Users\yezid\AppData\Local\Temp\"/>
    <property name="java.version" value="24.0.1"/>
    <property name="user.dir" value="C:\Users\yezid\Documents\lab\Ing-Software-2\IngSoftware2"/>
    <property name="os.arch" value="amd64"/>
    <property name="java.vm.specification.name" value="Java Virtual Machine Specification"/>
    <property name="sun.os.patch.level" value=""/>
    <property name="native.encoding" value="Cp1252"/>
    <property name="java.library.path" value="C:\Program Files\Apache NetBeans\jdk\bin;C:\WINDOWS\Sun\Java\bin;C:\WINDOWS\system32;C:\WINDOWS;C:\Program Files\Common Files\Oracle\Java\javapath;C:\Python313\Scripts\;C:\Python313\;C:\WINDOWS\system32;C:\WINDOWS;C:\WINDOWS\System32\Wbem;C:\WINDOWS\System32\WindowsPowerShell\v1.0\;C:\WINDOWS\System32\OpenSSH\;C:\Program Files\nodejs\;C:\ProgramData\chocolatey\bin;C:\Program Files\cdrtools;C:\Program Files\doxygen\bin;C:\Program Files\Git\cmd;C:\Users\yezid\AppData\Local\Microsoft\WindowsApps;C:\Users\yezid\AppData\Local\Programs\Microsoft VS Code\bin;C:\Users\yezid\AppData\Roaming\npm;C:\msys32\msys32\mingw64\bin;C:\msys32\msys32\usr\bin;C:\qemu\qemu;C:\bochs\bochs\bin;C:\cross-gcc\cross-gcc\bin;C:\Program Files (x86)\cdrtools;;."/>
    <property name="java.vm.info" value="mixed mode, sharing"/>
    <property name="stderr.encoding" value="Cp1252"/>
    <property name="java.vendor" value="Azul Systems, Inc."/>
    <property name="java.vm.version" value="24.0.1+9"/>
    <property name="sun.io.unicode.encoding" value="UnicodeLittle"/>
    <property name="java.class.version" value="68.0"/>
  </properties>
  <testcase name="testExternalService" classname="support.operation.adapter.AdapterPatternTest" time="0.029"/>
  <testcase name="testCompanyServiceWithAdapter" classname="support.operation.adapter.AdapterPatternTest" time="0.009">
    <system-out><![CDATA[Informacion de empresa:
Empresa: Empaques del Cauca S.A.
Sector: Manufactura
Email de contacto: contacto@empaquesdelcauca.com.co
Telefono: +57 2823456789
]]></system-out>
  </testcase>
  <testcase name="testAdapterImplementsTargetInterface" classname="support.operation.adapter.AdapterPatternTest" time="0.002"/>
  <testcase name="testAdapterValidateCompanyData" classname="support.operation.adapter.AdapterPatternTest" time="0.002">
    <system-out><![CDATA[Conectando al servicio externo de empresas...
]]></system-out>
  </testcase>
  <testcase name="testAdapterGetCompanyInfo" classname="support.operation.adapter.AdapterPatternTest" time="0.001"/>
  <testcase name="testAdapterGetCompanyName" classname="support.operation.adapter.AdapterPatternTest" time="0.002"/>
  <testcase name="testAdapterGetCompany" classname="support.operation.adapter.AdapterPatternTest" time="0.002"/>
  <testcase name="testCompanyCreation" classname="support.operation.adapter.AdapterPatternTest" time="0.001"/>
</testsuite>