<?xml version="1.0" encoding="UTF-8"?>
<testsuite xmlns:xsi="http://www.w3.org/2001/XMLSchema-instance" xsi:noNamespaceSchemaLocation="https://maven.apache.org/surefire/maven-surefire-plugin/xsd/surefire-test-report.xsd" name="test.controllers.SessionControllerTest" time="1.708" tests="13" errors="0" skipped="0" failures="0">
  <properties>
    <property name="sun.desktop" value="windows"/>
    <property name="awt.toolkit" value="sun.awt.windows.WToolkit"/>
    <property name="file.encoding.pkg" value="sun.io"/>
    <property name="java.specification.version" value="1.8"/>
    <property name="sun.cpu.isalist" value="amd64"/>
    <property name="sun.jnu.encoding" value="Cp1252"/>
    <property name="java.class.path" value="C:\Users\DAYANA PORTILLA\Documents\code\Ing-Software-2-main (1)\Ing-Software-2-main\IngSoftware2\target\test-classes;C:\Users\DAYANA PORTILLA\Documents\code\Ing-Software-2-main (1)\Ing-Software-2-main\IngSoftware2\target\classes;C:\Users\DAYANA PORTILLA\.m2\repository\org\xerial\sqlite-jdbc\3.45.1.0\sqlite-jdbc-3.45.1.0.jar;C:\Users\DAYANA PORTILLA\.m2\repository\org\slf4j\slf4j-api\1.7.36\slf4j-api-1.7.36.jar;C:\Users\DAYANA PORTILLA\.m2\repository\org\mindrot\jbcrypt\0.4\jbcrypt-0.4.jar;C:\Users\DAYANA PORTILLA\.m2\repository\org\junit\jupiter\junit-jupiter-api\5.6.0\junit-jupiter-api-5.6.0.jar;C:\Users\DAYANA PORTILLA\.m2\repository\org\apiguardian\apiguardian-api\1.1.0\apiguardian-api-1.1.0.jar;C:\Users\DAYANA PORTILLA\.m2\repository\org\opentest4j\opentest4j\1.2.0\opentest4j-1.2.0.jar;C:\Users\DAYANA PORTILLA\.m2\repository\org\junit\platform\junit-platform-commons\1.6.0\junit-platform-commons-1.6.0.jar;C:\Users\DAYANA PORTILLA\.m2\repository\org\junit\jupiter\junit-jupiter-params\5.6.0\junit-jupiter-params-5.6.0.jar;C:\Users\DAYANA PORTILLA\.m2\repository\org\junit\jupiter\junit-jupiter-engine\5.6.0\junit-jupiter-engine-5.6.0.jar;C:\Users\DAYANA PORTILLA\.m2\repository\org\junit\platform\junit-platform-engine\1.6.0\junit-platform-engine-1.6.0.jar;C:\Users\DAYANA PORTILLA\.m2\repository\plugin\dependency_injection\1.0-SNAPSHOT\dependency_injection-1.0-SNAPSHOT.jar;C:\Users\DAYANA PORTILLA\.m2\repository\org\reflections\reflections\0.10.2\reflections-0.10.2.jar;C:\Users\DAYANA PORTILLA\.m2\repository\org\javassist\javassist\3.28.0-GA\javassist-3.28.0-GA.jar;C:\Users\DAYANA PORTILLA\.m2\repository\com\google\code\findbugs\jsr305\3.0.2\jsr305-3.0.2.jar;C:\Users\DAYANA PORTILLA\.m2\repository\plugin\property_mapping\1.0-SNAPSHOT\property_mapping-1.0-SNAPSHOT.jar;C:\Users\DAYANA PORTILLA\.m2\repository\plugin\files_manager\1.0-SNAPSHOT\files_manager-1.0-SNAPSHOT.jar;C:\Users\DAYANA PORTILLA\.m2\repository\org\apache\pdfbox\pdfbox\2.0.29\pdfbox-2.0.29.jar;C:\Users\DAYANA PORTILLA\.m2\repository\org\apache\pdfbox\fontbox\2.0.29\fontbox-2.0.29.jar;C:\Users\DAYANA PORTILLA\.m2\repository\commons-logging\commons-logging\1.2\commons-logging-1.2.jar;"/>
    <property name="java.vm.vendor" value="Oracle Corporation"/>
    <property name="sun.arch.data.model" value="64"/>
    <property name="user.variant" value=""/>
    <property name="java.vendor.url" value="http://java.oracle.com/"/>
    <property name="user.timezone" value="America/Bogota"/>
    <property name="java.vm.specification.version" value="1.8"/>
    <property name="os.name" value="Windows 11"/>
    <property name="sun.java.launcher" value="SUN_STANDARD"/>
    <property name="user.country" value="CO"/>
    <property name="sun.boot.library.path" value="C:\Program Files\Java\jdk1.8.0_351\jre\bin"/>
    <property name="sun.java.command" value="C:\Users\DAYANA~1\AppData\Local\Temp\surefire9035410559681358941\surefirebooter1842406432710256407.jar C:\Users\DAYANA PORTILLA\AppData\Local\Temp\surefire9035410559681358941 2025-09-26T01-08-38_247-jvmRun1 surefire687860888554882007tmp surefire_02161650319355045401tmp"/>
    <property name="surefire.test.class.path" value="C:\Users\DAYANA PORTILLA\Documents\code\Ing-Software-2-main (1)\Ing-Software-2-main\IngSoftware2\target\test-classes;C:\Users\DAYANA PORTILLA\Documents\code\Ing-Software-2-main (1)\Ing-Software-2-main\IngSoftware2\target\classes;C:\Users\DAYANA PORTILLA\.m2\repository\org\xerial\sqlite-jdbc\3.45.1.0\sqlite-jdbc-3.45.1.0.jar;C:\Users\DAYANA PORTILLA\.m2\repository\org\slf4j\slf4j-api\1.7.36\slf4j-api-1.7.36.jar;C:\Users\DAYANA PORTILLA\.m2\repository\org\mindrot\jbcrypt\0.4\jbcrypt-0.4.jar;C:\Users\DAYANA PORTILLA\.m2\repository\org\junit\jupiter\junit-jupiter-api\5.6.0\junit-jupiter-api-5.6.0.jar;C:\Users\DAYANA PORTILLA\.m2\repository\org\apiguardian\apiguardian-api\1.1.0\apiguardian-api-1.1.0.jar;C:\Users\DAYANA PORTILLA\.m2\repository\org\opentest4j\opentest4j\1.2.0\opentest4j-1.2.0.jar;C:\Users\DAYANA PORTILLA\.m2\repository\org\junit\platform\junit-platform-commons\1.6.0\junit-platform-commons-1.6.0.jar;C:\Users\DAYANA PORTILLA\.m2\repository\org\junit\jupiter\junit-jupiter-params\5.6.0\junit-jupiter-params-5.6.0.jar;C:\Users\DAYANA PORTILLA\.m2\repository\org\junit\jupiter\junit-jupiter-engine\5.6.0\junit-jupiter-engine-5.6.0.jar;C:\Users\DAYANA PORTILLA\.m2\repository\org\junit\platform\junit-platform-engine\1.6.0\junit-platform-engine-1.6.0.jar;C:\Users\DAYANA PORTILLA\.m2\repository\plugin\dependency_injection\1.0-SNAPSHOT\dependency_injection-1.0-SNAPSHOT.jar;C:\Users\DAYANA PORTILLA\.m2\repository\org\reflections\reflections\0.10.2\reflections-0.10.2.jar;C:\Users\DAYANA PORTILLA\.m2\repository\org\javassist\javassist\3.28.0-GA\javassist-3.28.0-GA.jar;C:\Users\DAYANA PORTILLA\.m2\repository\com\google\code\findbugs\jsr305\3.0.2\jsr305-3.0.2.jar;C:\Users\DAYANA PORTILLA\.m2\repository\plugin\property_mapping\1.0-SNAPSHOT\property_mapping-1.0-SNAPSHOT.jar;C:\Users\DAYANA PORTILLA\.m2\repository\plugin\files_manager\1.0-SNAPSHOT\files_manager-1.0-SNAPSHOT.jar;C:\Users\DAYANA PORTILLA\.m2\repository\org\apache\pdfbox\pdfbox\2.0.29\pdfbox-2.0.29.jar;C:\Users\DAYANA PORTILLA\.m2\repository\org\apache\pdfbox\fontbox\2.0.29\fontbox-2.0.29.jar;C:\Users\DAYANA PORTILLA\.m2\repository\commons-logging\commons-logging\1.2\commons-logging-1.2.jar;"/>
    <property name="sun.cpu.endian" value="little"/>
    <property name="user.home" value="C:\Users\DAYANA PORTILLA"/>
    <property name="user.language" value="es"/>
    <property name="java.specification.vendor" value="Oracle Corporation"/>
    <property name="java.home" value="C:\Program Files\Java\jdk1.8.0_351\jre"/>
    <property name="basedir" value="C:\Users\DAYANA PORTILLA\Documents\code\Ing-Software-2-main (1)\Ing-Software-2-main\IngSoftware2"/>
    <property name="file.separator" value="\"/>
    <property name="line.separator" value="&#10;"/>
    <property name="java.vm.specification.vendor" value="Oracle Corporation"/>
    <property name="java.specification.name" value="Java Platform API Specification"/>
    <property name="java.awt.graphicsenv" value="sun.awt.Win32GraphicsEnvironment"/>
    <property name="surefire.real.class.path" value="C:\Users\DAYANA~1\AppData\Local\Temp\surefire9035410559681358941\surefirebooter1842406432710256407.jar"/>
    <property name="sun.boot.class.path" value="C:\Program Files\Java\jdk1.8.0_351\jre\lib\resources.jar;C:\Program Files\Java\jdk1.8.0_351\jre\lib\rt.jar;C:\Program Files\Java\jdk1.8.0_351\jre\lib\jsse.jar;C:\Program Files\Java\jdk1.8.0_351\jre\lib\jce.jar;C:\Program Files\Java\jdk1.8.0_351\jre\lib\charsets.jar;C:\Program Files\Java\jdk1.8.0_351\jre\lib\jfr.jar;C:\Program Files\Java\jdk1.8.0_351\jre\classes"/>
    <property name="user.script" value=""/>
    <property name="sun.management.compiler" value="HotSpot 64-Bit Tiered Compilers"/>
    <property name="java.runtime.version" value="1.8.0_351-b10"/>
    <property name="user.name" value="DAYANA PORTILLA"/>
    <property name="path.separator" value=";"/>
    <property name="os.version" value="10.0"/>
    <property name="java.endorsed.dirs" value="C:\Program Files\Java\jdk1.8.0_351\jre\lib\endorsed"/>
    <property name="java.runtime.name" value="Java(TM) SE Runtime Environment"/>
    <property name="file.encoding" value="UTF-8"/>
    <property name="java.vm.name" value="Java HotSpot(TM) 64-Bit Server VM"/>
    <property name="maven.ext.class.path" value="C:\Program Files\NetBeans-17\netbeans\java\maven-nblib\netbeans-eventspy.jar"/>
    <property name="localRepository" value="C:\Users\DAYANA PORTILLA\.m2\repository"/>
    <property name="java.vendor.url.bug" value="http://bugreport.sun.com/bugreport/"/>
    <property name="java.io.tmpdir" value="C:\Users\DAYANA~1\AppData\Local\Temp\"/>
    <property name="java.version" value="1.8.0_351"/>
    <property name="user.dir" value="C:\Users\DAYANA PORTILLA\Documents\code\Ing-Software-2-main (1)\Ing-Software-2-main\IngSoftware2"/>
    <property name="os.arch" value="amd64"/>
    <property name="java.vm.specification.name" value="Java Virtual Machine Specification"/>
    <property name="java.awt.printerjob" value="sun.awt.windows.WPrinterJob"/>
    <property name="sun.os.patch.level" value=""/>
    <property name="java.library.path" value="C:\Program Files\Java\jdk1.8.0_351\jre\bin;C:\WINDOWS\Sun\Java\bin;C:\WINDOWS\system32;C:\WINDOWS;C:\Program Files\Eclipse Adoptium\jdk-17.0.16.8-hotspot\bin;C:\app\DAYANAPORTILLA\product\21c\dbhomeXE\bin;C:\Program Files\Eclipse Adoptium\jdk-17.0.7.7-hotspot\bin;C:\Program Files (x86)\Common Files\Oracle\Java\javapath;C:\WINDOWS\system32;C:\WINDOWS;C:\WINDOWS\System32\Wbem;C:\WINDOWS\System32\WindowsPowerShell\v1.0\;C:\WINDOWS\System32\OpenSSH\;C:\mingw64\bin;C:\Program Files\Microsoft SQL Server\150\Tools\Binn\;C:\Program Files\nodejs\;C:\Program Files\MATLAB\R2025a\bin;C:\Program Files\Git\cmd;C:\Users\DAYANA PORTILLA\Downloads\sqlite-tools-win-x64-3500400;C:\Program Files\dotnet\;C:\Users\DAYANA PORTILLA\AppData\Local\Microsoft\WindowsApps;C:\Users\DAYANA PORTILLA\AppData\Roaming\npm;C:\Users\DAYANA PORTILLA\AppData\Local\Programs\Microsoft VS Code\bin;C:\Users\DAYANA PORTILLA\.dotnet\tools;."/>
    <property name="java.vm.info" value="mixed mode"/>
    <property name="java.vendor" value="Oracle Corporation"/>
    <property name="java.vm.version" value="25.351-b10"/>
    <property name="java.specification.maintenance.version" value="4"/>
    <property name="java.ext.dirs" value="C:\Program Files\Java\jdk1.8.0_351\jre\lib\ext;C:\WINDOWS\Sun\Java\lib\ext"/>
    <property name="sun.io.unicode.encoding" value="UnicodeLittle"/>
    <property name="java.class.version" value="52.0"/>
  </properties>
  <testcase name="loginWithDifferentRoles" classname="test.controllers.SessionControllerTest" time="0.293"/>
  <testcase name="loginWithNullPassword" classname="test.controllers.SessionControllerTest" time="0.012"/>
  <testcase name="loginWithSpecialCharacters" classname="test.controllers.SessionControllerTest" time="0.21"/>
  <testcase name="logoutMethodExists" classname="test.controllers.SessionControllerTest" time="0.012"/>
  <testcase name="loginCorrect" classname="test.controllers.SessionControllerTest" time="0.229"/>
  <testcase name="loginIncorrectPassword" classname="test.controllers.SessionControllerTest" time="0.2"/>
  <testcase name="loginWithNullEmail" classname="test.controllers.SessionControllerTest" time="0.01"/>
  <testcase name="loginWithDifferentCareers" classname="test.controllers.SessionControllerTest" time="0.208"/>
  <testcase name="loginUserNotFound" classname="test.controllers.SessionControllerTest" time="0.01"/>
  <testcase name="loginWithEmptyEmail" classname="test.controllers.SessionControllerTest" time="0.009"/>
  <testcase name="loginWithValidButComplexPassword" classname="test.controllers.SessionControllerTest" time="0.207"/>
  <testcase name="loginWithEmptyPassword" classname="test.controllers.SessionControllerTest" time="0.015"/>
  <testcase name="loginCaseSensitiveEmail" classname="test.controllers.SessionControllerTest" time="0.25"/>
</testsuite>